\BOOKMARK [0][-]{part*.1}{\376\377\000S\000e\000z\000n\000a\000m\000\040\000l\000i\000t\000e\000r\000a\000t\000u\000r\000y\000\040\000L\000i\000b\000o\000r\000\040\000H\000a\000l\000\355\000k}{}% 1
\BOOKMARK [0][-]{part*.2}{\376\377\000W\000I\000L\000L\000I\000A\000M\000\040\000S\000H\000A\000K\000E\000S\000P\000E\000A\000R\000E\000\040\040\023\000\040\000H\000a\000m\000l\000e\000t\000\040\000L\000i\000b\000o\000r\000\040\000H\000a\000l\000\355\000k}{}% 2
\BOOKMARK [0][-]{part*.3}{\376\377\000W\000I\000L\000L\000I\000A\000M\000\040\000S\000H\000A\000K\000E\000S\000P\000E\000A\000R\000E\000\040\040\023\000\040\000R\000o\000m\000e\000o\000\040\000a\000\040\000J\000u\000l\000i\000e\000\040\000L\000i\000b\000o\000r\000\040\000H\000a\000l\000\355\000k}{}% 3
\BOOKMARK [0][-]{part*.4}{\376\377\000E\000D\000G\000A\000R\000\040\000A\000L\000L\000A\000N\000\040\000P\000O\000E\000\040\040\023\000\040\000H\000a\000v\000r\000a\000n\000\040\000L\000i\000b\000o\000r\000\040\000H\000a\000l\000\355\000k}{}% 4
\BOOKMARK [0][-]{part*.5}{\376\377\000K\000A\000R\000E\000L\000\040\000J\000A\000R\000O\000M\000\315\000R\000\040\000E\000R\000B\000E\000N\000\040\040\023\000\040\000K\000y\000t\000i\000c\000e\000\040\000L\000i\000b\000o\000r\000\040\000H\000a\000l\000\355\000k}{}% 5
\BOOKMARK [0][-]{part*.6}{\376\377\000F\000J\000O\000D\000O\000R\000\040\000M\000I\000C\000H\000A\000L\000J\000E\000V\000I\001\014\000\040\000D\000O\000S\000T\000O\000J\000E\000V\000S\000K\000I\000J\000\040\040\023\000\040\000Z\000l\000o\001\015\000i\000n\000\040\000a\000\040\000t\000r\000e\000s\000t\000\040\000L\000i\000b\000o\000r\000\040\000H\000a\000l\000\355\000k}{}% 6
\BOOKMARK [0][-]{part*.7}{\376\377\000H\000O\000N\000O\000R\000\311\000\040\000D\000E\000\040\000B\000A\000L\000Z\000A\000C\000\040\040\023\000\040\000O\000t\000e\000c\000\040\000G\000o\000r\000i\000o\000t\000\040\000L\000i\000b\000o\000r\000\040\000H\000a\000l\000\355\000k}{}% 7
\BOOKMARK [0][-]{part*.8}{\376\377\000C\000H\000A\000R\000L\000E\000S\000\040\000D\000I\000C\000K\000E\000N\000S\000\040\040\023\000\040\000O\000l\000i\000v\000e\000r\000\040\000T\000w\000i\000s\000t\000\040\000L\000i\000b\000o\000r\000\040\000H\000a\000l\000\355\000k}{}% 8
\BOOKMARK [0][-]{part*.9}{\376\377\000O\000S\000C\000A\000R\000\040\000W\000I\000L\000D\000E\000\040\040\023\000\040\000O\000b\000r\000a\000z\000\040\000D\000o\000r\000i\000a\000n\000a\000\040\000G\000r\000a\000y\000e\000\040\000L\000i\000b\000o\000r\000\040\000H\000a\000l\000\355\000k}{}% 9
\BOOKMARK [0][-]{part*.10}{\376\377\000N\000I\000K\000O\000L\000A\000J\000\040\000V\000A\000S\000I\000L\000J\000E\000V\000I\001\014\000\040\000G\000O\000G\000O\000L\000\040\040\023\000\040\000R\000e\000v\000i\000z\000o\000r\000\040\000L\000i\000b\000o\000r\000\040\000H\000a\000l\000\355\000k}{}% 10
\BOOKMARK [0][-]{part*.11}{\376\377\000D\000A\000N\000\040\000B\000R\000O\000W\000N\000\040\040\023\000\040\000I\000n\000f\000e\000r\000n\000o\000\040\000L\000i\000b\000o\000r\000\040\000H\000a\000l\000\355\000k}{}% 11
\BOOKMARK [0][-]{part*.12}{\376\377\000D\000A\000N\000\040\000B\000R\000O\000W\000N\000\040\040\023\000\040\001\140\000i\000f\000r\000a\000\040\000M\000i\000s\000t\000r\000a\000\040\000L\000e\000o\000n\000a\000r\000d\000a\000\040\000L\000i\000b\000o\000r\000\040\000H\000a\000l\000\355\000k}{}% 12
\BOOKMARK [0][-]{part*.13}{\376\377\000F\000R\000A\000N\000C\000I\000S\000\040\000S\000C\000O\000T\000T\000\040\000F\000I\000T\000Z\000G\000E\000R\000A\000L\000D\000\040\040\023\000\040\000V\000e\000l\000k\000\375\000\040\000G\000a\000t\000s\000b\000y\000\040\000L\000i\000b\000o\000r\000\040\000H\000a\000l\000\355\000k}{}% 13
\BOOKMARK [0][-]{part*.14}{\376\377\000G\000E\000O\000R\000G\000E\000\040\000O\000R\000W\000E\000L\000L\000\040\040\023\000\040\000D\000e\000v\000a\000t\000e\000n\000\341\000c\000t\000\040\000s\000e\000t\000\040\000o\000s\000m\000d\000e\000s\000\341\000t\000\040\001\015\000t\000y\001\131\000i\000\040\000L\000i\000b\000o\000r\000\040\000H\000a\000l\000\355\000k}{}% 14
\BOOKMARK [0][-]{part*.15}{\376\377\000J\000O\000A\000N\000N\000E\000\040\000R\000O\000W\000L\000I\000N\000G\000O\000V\000\301\000\040\040\023\000\040\000H\000a\000r\000r\000y\000\040\000P\000o\000t\000t\000e\000r\000\040\000L\000i\000b\000o\000r\000\040\000H\000a\000l\000\355\000k}{}% 15
\BOOKMARK [0][-]{part*.16}{\376\377\000J\000.\000\040\000R\000.\000\040\000R\000.\000\040\000T\000O\000L\000K\000I\000E\000N\000\040\040\023\000\040\000H\000o\000b\000b\000i\000t\000\040\000L\000i\000b\000o\000r\000\040\000H\000a\000l\000\355\000k}{}% 16
\BOOKMARK [0][-]{part*.17}{\376\377\000F\000R\000A\000N\000T\000I\001\140\000E\000K\000\040\000G\000E\000L\000L\000N\000E\000R\000\040\040\023\000\040\000P\000o\000\040\000n\000\341\000s\000\040\000a\001\145\000\040\000p\001\131\000i\000j\000d\000e\000\040\000p\000o\000t\000o\000p\000a\000\040\000L\000i\000b\000o\000r\000\040\000H\000a\000l\000\355\000k}{}% 17
\BOOKMARK [0][-]{part*.18}{\376\377\000F\000R\000A\000N\000Z\000\040\000K\000A\000F\000K\000A\000\040\040\023\000\040\000P\000r\000o\000m\001\033\000n\000a\000\040\000L\000i\000b\000o\000r\000\040\000H\000a\000l\000\355\000k}{}% 18
\BOOKMARK [0][-]{part*.19}{\376\377\000V\000I\000K\000T\000O\000R\000\040\000D\000Y\000K\000\040\040\023\000\040\000K\000r\000y\000s\000a\001\131\000\040\000L\000i\000b\000o\000r\000\040\000H\000a\000l\000\355\000k}{}% 19
\BOOKMARK [0][-]{part*.20}{\376\377\000K\000A\000R\000E\000L\000\040\001\014\000A\000P\000E\000K\000\040\040\023\000\040\000B\000\355\000l\000\341\000\040\000N\000e\000m\000o\000c\000\040\000L\000i\000b\000o\000r\000\040\000H\000a\000l\000\355\000k}{}% 20
\BOOKMARK [0][-]{part*.21}{\376\377\000K\000A\000R\000E\000L\000\040\001\014\000A\000P\000E\000K\000\040\040\023\000\040\000R\000.\000\040\000U\000.\000\040\000R\000.\000\040\000L\000i\000b\000o\000r\000\040\000H\000a\000l\000\355\000k}{}% 21
